  Precompiled.cpp
E:\Kick_Engine\Framework\Graphics\Inc\WaveEffect.h(49): warning C4305: 'initializing': truncation from 'double' to 'float'
E:\Kick_Engine\External\Bullet\BulletSoftBody\btSoftBody.h(38,53): warning C4305: 'initializing': truncation from 'double' to 'btScalar'
E:\Kick_Engine\External\Bullet\BulletSoftBody\btSoftBody.h(1232,17): warning C4244: 'initializing': conversion from 'double' to 'btScalar', possible loss of data
E:\Kick_Engine\External\Bullet\BulletSoftBody\btSoftBody.h(1357,21): warning C4244: '+=': conversion from 'double' to 'btScalar', possible loss of data
E:\Kick_Engine\External\Bullet\BulletSoftBody\btSoftBody.h(1361,21): warning C4244: 'initializing': conversion from 'double' to 'btScalar', possible loss of data
E:\Kick_Engine\External\Bullet\BulletSoftBody\btSoftBody.h(1385,20): warning C4244: '=': conversion from 'double' to 'btScalar', possible loss of data
E:\Kick_Engine\External\Bullet\BulletSoftBody\btSoftBody.h(1387,23): warning C4244: '=': conversion from 'double' to 'btScalar', possible loss of data
E:\Kick_Engine\Framework\Audio\Inc\Audio.h(5,10): warning C4067: unexpected tokens following preprocessor directive - expected a newline
E:\Kick_Engine\External\Bullet\BulletSoftBody\btSoftBody.h(1269,17): warning C4244: 'initializing': conversion from 'double' to 'btScalar', possible loss of data
E:\Kick_Engine\External\Bullet\BulletSoftBody\btSoftBody.h(1303,1): message : see reference to function template instantiation 'void btSoftBody::updateFace<btDbvtNode>(DBVTNODE *,bool,bool)' being compiled
          with
          [
              DBVTNODE=btDbvtNode
          ]
  AnimatorComponent.cpp
E:\Kick_Engine\Engine\Kick_Engine\Src\AnimatorComponent.cpp(29,57): warning C4267: 'initializing': conversion from 'size_t' to 'uint32_t', possible loss of data
  App.cpp
  CameraComponent.cpp
E:\Kick_Engine\Engine\Kick_Engine\Src\CameraComponent.cpp(27,50): warning C4390: ';': empty controlled statement found; is this the intent?
  CameraService.cpp
  Kick_Engine.cpp
  EventManager.cpp
  FPSCameraComponent.cpp
  GameObject.cpp
  GameObjectFactory.cpp
  GameWorld.cpp
E:\Kick_Engine\Engine\Kick_Engine\Src\GameWorld.cpp(176,65): warning C4267: 'argument': conversion from 'size_t' to 'int', possible loss of data
  MeshComponent.cpp
  ModelComponent.cpp
  PhysicsService.cpp
E:\Kick_Engine\Engine\Kick_Engine\Src\PhysicsService.cpp(30,42): warning C4244: 'argument': conversion from 'uint32_t' to 'float', possible loss of data
E:\Kick_Engine\Engine\Kick_Engine\Src\PhysicsService.cpp(47,56): warning C4244: '=': conversion from 'float' to 'uint32_t', possible loss of data
  RenderObjectComponent.cpp
  RenderService.cpp
  RigidBodyComponent.cpp
  SaveUtil.cpp
  SoundBankComponent.cpp
  SoundEffectComponent.cpp
  TransformComponent.cpp
  Generating Code...
  Compiling...
  UIRenderService.cpp
  UISpriteComponent.cpp
  UITextComponent.cpp
  WaveComponent.cpp
  Generating Code...
  Kick_Engine.vcxproj -> E:\Kick_Engine\x64\Debug\Kick_Engine.lib
